[2021-09-24T09:23:47.332] [INFO] default - [
  [],
  [
    ColumnDefinition {
      _buf: <Buffer 01 00 00 01 06 2e 00 00 02 03 64 65 66 0c 62 65 61 6e 73 5f 66 6c 69 67 68 74 04 75 73 65 72 04 75 73 65 72 02 69 64 02 69 64 0c 3f 00 0b 00 00 00 03 ... 329 more bytes>,
      _clientEncoding: 'utf8',
      _catalogLength: 3,
      _catalogStart: 10,
      _schemaLength: 12,
      _schemaStart: 14,
      _tableLength: 4,
      _tableStart: 27,
      _orgTableLength: 4,
      _orgTableStart: 32,
      _orgNameLength: 2,
      _orgNameStart: 40,
      characterSet: 63,
      encoding: 'binary',
      name: 'id',
      columnLength: 11,
      columnType: 3,
      flags: 16899,
      decimals: 0
    },
    ColumnDefinition {
      _buf: <Buffer 01 00 00 01 06 2e 00 00 02 03 64 65 66 0c 62 65 61 6e 73 5f 66 6c 69 67 68 74 04 75 73 65 72 04 75 73 65 72 02 69 64 02 69 64 0c 3f 00 0b 00 00 00 03 ... 329 more bytes>,
      _clientEncoding: 'utf8',
      _catalogLength: 3,
      _catalogStart: 60,
      _schemaLength: 12,
      _schemaStart: 64,
      _tableLength: 4,
      _tableStart: 77,
      _orgTableLength: 4,
      _orgTableStart: 82,
      _orgNameLength: 4,
      _orgNameStart: 92,
      characterSet: 224,
      encoding: 'utf8',
      name: 'name',
      columnLength: 80,
      columnType: 253,
      flags: 4225,
      decimals: 0
    },
    ColumnDefinition {
      _buf: <Buffer 01 00 00 01 06 2e 00 00 02 03 64 65 66 0c 62 65 61 6e 73 5f 66 6c 69 67 68 74 04 75 73 65 72 04 75 73 65 72 02 69 64 02 69 64 0c 3f 00 0b 00 00 00 03 ... 329 more bytes>,
      _clientEncoding: 'utf8',
      _catalogLength: 3,
      _catalogStart: 114,
      _schemaLength: 12,
      _schemaStart: 118,
      _tableLength: 4,
      _tableStart: 131,
      _orgTableLength: 4,
      _orgTableStart: 136,
      _orgNameLength: 8,
      _orgNameStart: 150,
      characterSet: 224,
      encoding: 'utf8',
      name: 'password',
      columnLength: 200,
      columnType: 253,
      flags: 4225,
      decimals: 0
    },
    ColumnDefinition {
      _buf: <Buffer 01 00 00 01 06 2e 00 00 02 03 64 65 66 0c 62 65 61 6e 73 5f 66 6c 69 67 68 74 04 75 73 65 72 04 75 73 65 72 02 69 64 02 69 64 0c 3f 00 0b 00 00 00 03 ... 329 more bytes>,
      _clientEncoding: 'utf8',
      _catalogLength: 3,
      _catalogStart: 176,
      _schemaLength: 12,
      _schemaStart: 180,
      _tableLength: 4,
      _tableStart: 193,
      _orgTableLength: 4,
      _orgTableStart: 198,
      _orgNameLength: 8,
      _orgNameStart: 212,
      characterSet: 63,
      encoding: 'binary',
      name: 'createAt',
      columnLength: 19,
      columnType: 7,
      flags: 1152,
      decimals: 0
    },
    ColumnDefinition {
      _buf: <Buffer 01 00 00 01 06 2e 00 00 02 03 64 65 66 0c 62 65 61 6e 73 5f 66 6c 69 67 68 74 04 75 73 65 72 04 75 73 65 72 02 69 64 02 69 64 0c 3f 00 0b 00 00 00 03 ... 329 more bytes>,
      _clientEncoding: 'utf8',
      _catalogLength: 3,
      _catalogStart: 238,
      _schemaLength: 12,
      _schemaStart: 242,
      _tableLength: 4,
      _tableStart: 255,
      _orgTableLength: 4,
      _orgTableStart: 260,
      _orgNameLength: 8,
      _orgNameStart: 274,
      characterSet: 63,
      encoding: 'binary',
      name: 'updateAt',
      columnLength: 19,
      columnType: 7,
      flags: 1152,
      decimals: 0
    },
    ColumnDefinition {
      _buf: <Buffer 01 00 00 01 06 2e 00 00 02 03 64 65 66 0c 62 65 61 6e 73 5f 66 6c 69 67 68 74 04 75 73 65 72 04 75 73 65 72 02 69 64 02 69 64 0c 3f 00 0b 00 00 00 03 ... 329 more bytes>,
      _clientEncoding: 'utf8',
      _catalogLength: 3,
      _catalogStart: 300,
      _schemaLength: 12,
      _schemaStart: 304,
      _tableLength: 4,
      _tableStart: 317,
      _orgTableLength: 4,
      _orgTableStart: 322,
      _orgNameLength: 10,
      _orgNameStart: 338,
      characterSet: 224,
      encoding: 'utf8',
      name: 'avatar_url',
      columnLength: 800,
      columnType: 253,
      flags: 128,
      decimals: 0
    }
  ]
]
[2021-09-24T09:23:47.346] [ERROR] default - 用户名不存在
